<?xml version="1.0" encoding="UTF-8"?>
<testsuite name="kotlin_in_action.chapter7_operators.DelegateTest" tests="1" skipped="0" failures="0" errors="0" timestamp="2022-08-26T07:03:05" hostname="i111354241" time="0.025">
  <properties/>
  <testcase name="Map attribute delegate()" classname="kotlin_in_action.chapter7_operators.DelegateTest" time="0.025"/>
  <system-out><![CDATA[]]></system-out>
  <system-err><![CDATA[]]></system-err>
</testsuite>
